#
# A fatal error has been detected by the Java Runtime Environment:
#
#  Internal Error (javaClasses.cpp:124), pid=9272, tid=8308
#  fatal error: Invalid layout of preloaded class
#
# JRE version:  (8.0_11-b12) (build )
# Java VM: Java HotSpot(TM) 64-Bit Server VM (25.11-b03 mixed mode windows-amd64 compressed oops)
# Failed to write core dump. Minidumps are not enabled by default on client versions of Windows
#
# If you would like to submit a bug report, please visit:
#   http://bugreport.sun.com/bugreport/crash.jsp
#

---------------  T H R E A D  ---------------

Current thread (0x00000000001cf800):  JavaThread "Unknown thread" [_thread_in_vm, id=8308, stack(0x00000000023b0000,0x00000000024b0000)]

Stack: [0x00000000023b0000,0x00000000024b0000]
Native frames: (J=compiled Java code, j=interpreted, Vv=VM code, C=native code)
V  [jvm.dll+0x308eca]
V  [jvm.dll+0x25e121]
V  [jvm.dll+0x25ed33]
V  [jvm.dll+0x256686]
V  [jvm.dll+0x5d4cc]
V  [jvm.dll+0x5d5c3]
V  [jvm.dll+0x71efa]
V  [jvm.dll+0x72258]
V  [jvm.dll+0xe1927]
V  [jvm.dll+0xe1cb6]
V  [jvm.dll+0x1f1407]
V  [jvm.dll+0x2229b4]
V  [jvm.dll+0x14a151]
C  [javaw.exe+0x208a]
C  [javaw.exe+0xc9fb]
C  [javaw.exe+0xca8f]
C  [kernel32.dll+0x1652d]
C  [ntdll.dll+0x2c541]


---------------  P R O C E S S  ---------------

Java Threads: ( => current thread )

Other Threads:

=>0x00000000001cf800 (exited) JavaThread "Unknown thread" [_thread_in_vm, id=8308, stack(0x00000000023b0000,0x00000000024b0000)]

VM state:not at safepoint (not fully initialized)

VM Mutex/Monitor currently owned by a thread: None

GC Heap History (0 events):
No events

Deoptimization events (0 events):
No events

Internal exceptions (0 events):
No events

Events (10 events):
Event: 0.012 loading class java/lang/CharSequence done
Event: 0.012 loading class java/lang/String done
Event: 0.012 loading class java/lang/Class
Event: 0.012 loading class java/lang/reflect/AnnotatedElement
Event: 0.012 loading class java/lang/reflect/AnnotatedElement done
Event: 0.012 loading class java/lang/reflect/GenericDeclaration
Event: 0.012 loading class java/lang/reflect/GenericDeclaration done
Event: 0.012 loading class java/lang/reflect/Type
Event: 0.012 loading class java/lang/reflect/Type done
Event: 0.013 loading class java/lang/Class done


Dynamic libraries:
0x000000013f990000 - 0x000000013f9c4000 	D:\java_jre8\bin\javaw.exe
0x0000000076d10000 - 0x0000000076eb9000 	C:\Windows\SYSTEM32\ntdll.dll
0x0000000076bf0000 - 0x0000000076d0f000 	C:\Windows\system32\kernel32.dll
0x000007fefc920000 - 0x000007fefc98b000 	C:\Windows\system32\KERNELBASE.dll
0x000007fefead0000 - 0x000007fefebab000 	C:\Windows\system32\ADVAPI32.dll
0x000007fefe820000 - 0x000007fefe8bf000 	C:\Windows\system32\msvcrt.dll
0x000007fefcda0000 - 0x000007fefcdbf000 	C:\Windows\SYSTEM32\sechost.dll
0x000007fefed20000 - 0x000007fefee4d000 	C:\Windows\system32\RPCRT4.dll
0x0000000076af0000 - 0x0000000076bea000 	C:\Windows\system32\USER32.dll
0x000007fefe070000 - 0x000007fefe0d7000 	C:\Windows\system32\GDI32.dll
0x000007fefebb0000 - 0x000007fefebbe000 	C:\Windows\system32\LPK.dll
0x000007fefde90000 - 0x000007fefdf59000 	C:\Windows\system32\USP10.dll
0x000007fefaf70000 - 0x000007fefb164000 	C:\Windows\WinSxS\amd64_microsoft.windows.common-controls_6595b64144ccf1df_6.0.7601.17514_none_fa396087175ac9ac\COMCTL32.dll
0x000007fefce40000 - 0x000007fefceb1000 	C:\Windows\system32\SHLWAPI.dll
0x000007fefdf60000 - 0x000007fefdf8e000 	C:\Windows\system32\IMM32.DLL
0x000007fefee50000 - 0x000007fefef59000 	C:\Windows\system32\MSCTF.dll
0x000007fefc7e0000 - 0x000007fefc80f000 	C:\Windows\system32\nvinitx.dll
0x000000000f000000 - 0x000000000f006000 	C:\Program Files\NVIDIA Corporation\CoProcManager\_etoured.dll
0x000007fef9500000 - 0x000007fef955f000 	C:\Program Files\NVIDIA Corporation\CoProcManager\nvd3d9wrapx.dll
0x000007fefdcb0000 - 0x000007fefde87000 	C:\Windows\system32\SETUPAPI.dll
0x000007fefca60000 - 0x000007fefca96000 	C:\Windows\system32\CFGMGR32.dll
0x000007fefdf90000 - 0x000007fefe067000 	C:\Windows\system32\OLEAUT32.dll
0x000007fefe8c0000 - 0x000007fefeac3000 	C:\Windows\system32\ole32.dll
0x000007fefcaa0000 - 0x000007fefcaba000 	C:\Windows\system32\DEVOBJ.dll
0x000007fef94b0000 - 0x000007fef94f6000 	C:\Program Files\NVIDIA Corporation\CoProcManager\nvdxgiwrapx.dll
0x00000000646f0000 - 0x00000000647c2000 	D:\java_jre8\bin\msvcr100.dll
0x0000000063ec0000 - 0x00000000646ea000 	D:\java_jre8\bin\server\jvm.dll
0x000007fef4e90000 - 0x000007fef4e99000 	C:\Windows\system32\WSOCK32.dll
0x000007fefecc0000 - 0x000007fefed0d000 	C:\Windows\system32\WS2_32.dll
0x000007fefed10000 - 0x000007fefed18000 	C:\Windows\system32\NSI.dll
0x000007fefca00000 - 0x000007fefca3b000 	C:\Windows\system32\WINMM.dll
0x0000000076ed0000 - 0x0000000076ed7000 	C:\Windows\system32\PSAPI.DLL
0x000000006bf00000 - 0x000000006bf0f000 	D:\java_jre8\bin\verify.dll
0x0000000069080000 - 0x00000000690a8000 	D:\java_jre8\bin\java.dll
0x0000000068ff0000 - 0x0000000069006000 	D:\java_jre8\bin\zip.dll
0x000007fef52e0000 - 0x000007fef5405000 	C:\Windows\system32\dbghelp.dll

VM Arguments:
jvm_args: -Dfile.encoding=GBK -Xbootclasspath:E:\adt-bundle-windows-x86_64-20140702\sdk\platforms\android-20\android.jar 
java_command: org.eclipse.jdt.internal.junit.runner.RemoteTestRunner -version 3 -port 2008 -testLoaderClass org.eclipse.jdt.internal.junit.runner.junit3.JUnit3TestLoader -loaderpluginname org.eclipse.jdt.junit.runtime -test com.cqupt.http.HttpConnectUtils:test
java_class_path (initial): C:\Users\Administrator\Desktop\wangyispace\CquptProject\bin\classes;C:\Users\Administrator\Desktop\wangyispace\appcompat_v7\libs\android-support-v4.jar;C:\Users\Administrator\Desktop\wangyispace\CquptProject\libs\xUtils-2.6.11.jar;C:\Users\Administrator\Desktop\wangyispace\appcompat_v7\libs\android-support-v7-appcompat.jar;C:\Users\Administrator\Desktop\wangyispace\appcompat_v7\bin\appcompat_v7.jar;/E:/adt-bundle-windows-x86_64-20140702/eclipse/configuration/org.eclipse.osgi/bundles/186/1/.cp/
Launcher Type: SUN_STANDARD

Environment Variables:
JAVA_HOME=C:\Program Files\Java\jdk1.7.0_21
PATH=C:\Program Files (x86)\NVIDIA Corporation\PhysX\Common;C:\Windows\system32;C:\Windows;C:\Windows\System32\Wbem;C:\Windows\System32\WindowsPowerShell\v1.0\;C:\Program Files (x86)\Lenovo\Lenovo Home\;C:\Program Files\Java\jdk1.7.0_21\bin;D:\gradle\gradle-2.2-rc-2\bin;C:\Program Files (x86)\EditPlus 3\editplus.exe;D:\cygwin64\android-ndk-r8c\toolchains\x86-4.6\prebuilt\windows\i686-linux-android\bin;C:\Program Files\Microsoft\Web Platform Installer\;C:\Program Files (x86)\Microsoft ASP.NET\ASP.NET Web Pages\v1.0\;C:\Program Files (x86)\Windows Kits\8.1\Windows Performance Toolkit\;C:\Program Files\Microsoft SQL Server\110\Tools\Binn\;C:\Program Files (x86)\GtkSharp\2.12\bin;C:\Python27;D:\cygwin64\android-ndk-r9d;C:\Program Files\VisualSVN Server\bin;C:\Program Files\TortoiseSVN\bin;F:\cocos2d-x-3.6\templates;F:\cocos2d-x-3.6\tools\cocos2d-console\bin;
USERNAME=Administrator
OS=Windows_NT
PROCESSOR_IDENTIFIER=Intel64 Family 6 Model 58 Stepping 9, GenuineIntel



---------------  S Y S T E M  ---------------

OS: Windows 7 , 64 bit Build 7601 Service Pack 1

CPU:total 4 (2 cores per cpu, 2 threads per core) family 6 model 58 stepping 9, cmov, cx8, fxsr, mmx, sse, sse2, sse3, ssse3, sse4.1, sse4.2, popcnt, avx, aes, clmul, erms, ht, tsc, tscinvbit

Memory: 4k page, physical 4094316k(436004k free), swap 8186768k(2953812k free)

vm_info: Java HotSpot(TM) 64-Bit Server VM (25.11-b03) for windows-amd64 JRE (1.8.0_11-b12), built on Jun 16 2014 20:57:32 by "java_re" with MS VC++ 10.0 (VS2010)

time: Wed Nov 18 15:02:26 2015
elapsed time: 0 seconds

